<?xml version="1.0" encoding="UTF-8"?>
<!-- Generated by org.testng.reporters.JUnitReportReporter -->
<testsuite hostname="DESKTOP-1M8I9U9" failures="0" tests="2" name="TestCases1.LoginModel" time="27.488" errors="0" timestamp="2023-08-26T15:44:20 IST" skipped="0">
  <testcase classname="TestCases1.LoginModel" name="Tc_Login_001" time="10.529"/>
  <testcase classname="TestCases1.LoginModel" name="ATc_Login_002" time="16.959"/>
</testsuite> <!-- TestCases1.LoginModel -->
