<?xml version="1.0" encoding="UTF-8"?>
<!-- Generated by org.testng.reporters.JUnitReportReporter -->
<testsuite hostname="DESKTOP-1M8I9U9" failures="0" tests="1" name="TestCases1.login1" time="16.528" errors="0" timestamp="2023-09-01T17:04:06 IST" skipped="0">
  <testcase classname="TestCases1.login1" name="Tc_Login_002" time="16.528"/>
</testsuite> <!-- TestCases1.login1 -->
