<?xml version="1.0" encoding="UTF-8"?>
<!-- Generated by org.testng.reporters.JUnitReportReporter -->
<testsuite hostname="DESKTOP-1M8I9U9" failures="0" tests="1" name="TestCases1.Login" time="24.605" errors="0" timestamp="2023-09-02T17:19:47 IST" skipped="0">
  <testcase classname="TestCases1.Login" name="Tc_Login_001" time="24.605"/>
</testsuite> <!-- TestCases1.Login -->
